[debug] [2018-01-18T19:15:34.853Z] ----------------------------------------------------------------------
[debug] [2018-01-18T19:15:34.856Z] Command:       C:\Program Files\nodejs\node.exe C:\Users\I_am_\AppData\Roaming\npm\node_modules\firebase-tools\bin\firebase serve
[debug] [2018-01-18T19:15:34.856Z] CLI Version:   3.16.0
[debug] [2018-01-18T19:15:34.856Z] Platform:      win32
[debug] [2018-01-18T19:15:34.856Z] Node Version:  v8.9.4
[debug] [2018-01-18T19:15:34.857Z] Time:          Fri Jan 19 2018 00:45:34 GMT+0530 (India Standard Time)
[debug] [2018-01-18T19:15:34.857Z] ----------------------------------------------------------------------
[debug] 
[debug] [2018-01-18T19:15:34.870Z] > command requires scopes: ["email","openid","https://www.googleapis.com/auth/cloudplatformprojects.readonly","https://www.googleapis.com/auth/firebase","https://www.googleapis.com/auth/cloud-platform"]
[debug] [2018-01-18T19:15:34.870Z] > authorizing via signed-in user
[debug] [2018-01-18T19:15:34.873Z] > refreshing access token with scopes: ["email","https://www.googleapis.com/auth/cloud-platform","https://www.googleapis.com/auth/cloudplatformprojects.readonly","https://www.googleapis.com/auth/firebase","openid"]
[debug] [2018-01-18T19:15:34.873Z] >>> HTTP REQUEST POST https://www.googleapis.com/oauth2/v3/token  
 { refresh_token: '1/Pg9mHzkOebPTRFj-rP3yTHRaL_Q63OpuguCSC_t4YU8',
  client_id: '563584335869-fgrhgmd47bqnekij5i8b5pr03ho849e6.apps.googleusercontent.com',
  client_secret: 'j9iVZfS8kkCEFUPaAeJV0sAi',
  grant_type: 'refresh_token',
  scope: 'email https://www.googleapis.com/auth/cloud-platform https://www.googleapis.com/auth/cloudplatformprojects.readonly https://www.googleapis.com/auth/firebase openid' } 
 Fri Jan 19 2018 00:45:34 GMT+0530 (India Standard Time)
[debug] [2018-01-18T19:15:35.217Z] <<< HTTP RESPONSE 200
[debug] [2018-01-18T19:15:35.262Z] >>> HTTP REQUEST GET https://admin.firebase.com/v1/projects/spotmate-3333  
  
 Fri Jan 19 2018 00:45:35 GMT+0530 (India Standard Time)
[debug] [2018-01-18T19:15:36.883Z] <<< HTTP RESPONSE 200
[debug] [2018-01-18T19:15:36.883Z] >>> HTTP REQUEST GET https://admin.firebase.com/v1/database/spotmate-3333/tokens  
  
 Fri Jan 19 2018 00:45:36 GMT+0530 (India Standard Time)
[debug] [2018-01-18T19:15:46.918Z] <<< HTTP RESPONSE 200
[info] 
[info] === Serving from 'C:\Users\I_am_\Desktop\SpotMate'...
[info] 
[debug] [2018-01-18T19:15:46.928Z] >>> HTTP REQUEST GET https://cloudresourcemanager.googleapis.com/v1/projects/spotmate-3333  
  
 Fri Jan 19 2018 00:45:46 GMT+0530 (India Standard Time)
[debug] [2018-01-18T19:15:50.836Z] <<< HTTP RESPONSE 200
[debug] [2018-01-18T19:15:50.837Z] >>> HTTP REQUEST GET https://mobilesdk-pa.googleapis.com/v1/projects/40092027524/clients/_:getWebAppConfig  
  
 Fri Jan 19 2018 00:45:50 GMT+0530 (India Standard Time)
[debug] [2018-01-18T19:15:51.788Z] <<< HTTP RESPONSE 200
[info] i  hosting: Serving hosting files from: public
[info] +  hosting: Local server: http://localhost:5000

